/home/tc/torch/install/bin/luajit: cannot open models/vgg2_ndo_small.lua.lua: No such file or directory
stack traceback:
	[C]: in function 'dofile'
	./trainer.lua:8: in function 'get_trainer'
	main.lua:153: in main chunk
	[C]: in function 'dofile'
	...e/tc/torch/install/lib/luarocks/rocks/trepl/scm-1/bin/th:145: in main chunk
	[C]: at 0x00406670
/home/tc/torch/install/bin/luajit: cannot open models/vgg3_ndo_small.lua.lua: No such file or directory
stack traceback:
	[C]: in function 'dofile'
	./trainer.lua:8: in function 'get_trainer'
	main.lua:153: in main chunk
	[C]: in function 'dofile'
	...e/tc/torch/install/lib/luarocks/rocks/trepl/scm-1/bin/th:145: in main chunk
	[C]: at 0x00406670
/home/tc/torch/install/bin/luajit: cannot open models/vgg_ndo_small.lua.lua: No such file or directory
stack traceback:
	[C]: in function 'dofile'
	./trainer.lua:8: in function 'get_trainer'
	main.lua:153: in main chunk
	[C]: in function 'dofile'
	...e/tc/torch/install/lib/luarocks/rocks/trepl/scm-1/bin/th:145: in main chunk
	[C]: at 0x00406670
/home/tc/torch/install/bin/luajit: ...tc/torch/install/share/lua/5.1/optim/ConfusionMatrix.lua:72: interrupted!
stack traceback:
	...tc/torch/install/share/lua/5.1/optim/ConfusionMatrix.lua:72: in function 'batchAdd'
	./train.lua:51: in function 'opfunc'
	/home/tc/torch/install/share/lua/5.1/optim/adam.lua:33: in function 'adam'
	./train.lua:90: in function 'train'
	main.lua:196: in main chunk
	[C]: in function 'dofile'
	...e/tc/torch/install/lib/luarocks/rocks/trepl/scm-1/bin/th:145: in main chunk
	[C]: at 0x00406670
/home/tc/torch/install/bin/luajit: cannot open models/vgg2_ndo_small.lua.lua: No such file or directory
stack traceback:
	[C]: in function 'dofile'
	./trainer.lua:8: in function 'get_trainer'
	main.lua:153: in main chunk
	[C]: in function 'dofile'
	...e/tc/torch/install/lib/luarocks/rocks/trepl/scm-1/bin/th:145: in main chunk
	[C]: at 0x00406670
/home/tc/torch/install/bin/luajit: cannot open models/vgg3_ndo_small.lua.lua: No such file or directory
stack traceback:
	[C]: in function 'dofile'
	./trainer.lua:8: in function 'get_trainer'
	main.lua:153: in main chunk
	[C]: in function 'dofile'
	...e/tc/torch/install/lib/luarocks/rocks/trepl/scm-1/bin/th:145: in main chunk
	[C]: at 0x00406670
mv: cannot stat ‘submission.csv’: No such file or directory
/home/tc/torch/install/bin/luajit: cannot open models/vgg_ndo_small.lua.lua: No such file or directory
stack traceback:
	[C]: in function 'dofile'
	./trainer.lua:8: in function 'get_trainer'
	main.lua:153: in main chunk
	[C]: in function 'dofile'
	...e/tc/torch/install/lib/luarocks/rocks/trepl/scm-1/bin/th:145: in main chunk
	[C]: at 0x00406670
mv: cannot stat ‘submission.csv’: No such file or directory
/home/tc/torch/install/bin/luajit: ./train.lua:62: interrupted!
stack traceback:
	./train.lua:62: in function 'opfunc'
	/home/tc/torch/install/share/lua/5.1/optim/adam.lua:33: in function 'adam'
	./train.lua:90: in function 'train'
	main.lua:196: in main chunk
	[C]: in function 'dofile'
	...e/tc/torch/install/lib/luarocks/rocks/trepl/scm-1/bin/th:145: in main chunk
	[C]: at 0x00406670
THCudaCheck FAIL file=/home/tc/torch/extra/cutorch/lib/THC/generic/THCStorage.cu line=41 error=2 : out of memory
/home/tc/torch/install/bin/luajit: /home/tc/torch/install/share/lua/5.1/threads/threads.lua:183: [thread 1 callback] /home/tc/torch/install/share/lua/5.1/cutorch/Tensor.lua:14: cuda runtime error (2) : out of memory at /home/tc/torch/extra/cutorch/lib/THC/generic/THCStorage.cu:41
stack traceback:
	[C]: in function 'resize'
	/home/tc/torch/install/share/lua/5.1/cutorch/Tensor.lua:14: in function 'castopt'
	./dataloader.lua:84: in function <./dataloader.lua:71>
	[C]: in function 'xpcall'
	/home/tc/torch/install/share/lua/5.1/threads/threads.lua:234: in function 'callback'
	/home/tc/torch/install/share/lua/5.1/threads/queue.lua:65: in function </home/tc/torch/install/share/lua/5.1/threads/queue.lua:41>
	[C]: in function 'pcall'
	/home/tc/torch/install/share/lua/5.1/threads/queue.lua:40: in function 'dojob'
	[string "  local Queue = require 'threads.queue'..."]:15: in main chunk
stack traceback:
	[C]: in function 'error'
	/home/tc/torch/install/share/lua/5.1/threads/threads.lua:183: in function 'dojob'
	./dataloader.lua:107: in function '(for generator)'
	./train.lua:25: in function 'train'
	main.lua:201: in main chunk
	[C]: in function 'dofile'
	...e/tc/torch/install/lib/luarocks/rocks/trepl/scm-1/bin/th:145: in main chunk
	[C]: at 0x00406670
THCudaCheck FAIL file=/home/tc/torch/extra/cutorch/lib/THC/generic/THCStorage.cu line=41 error=2 : out of memory
/home/tc/torch/install/bin/luajit: /home/tc/torch/install/share/lua/5.1/threads/threads.lua:183: [thread 1 callback] /home/tc/torch/install/share/lua/5.1/cutorch/Tensor.lua:14: cuda runtime error (2) : out of memory at /home/tc/torch/extra/cutorch/lib/THC/generic/THCStorage.cu:41
stack traceback:
	[C]: in function 'resize'
	/home/tc/torch/install/share/lua/5.1/cutorch/Tensor.lua:14: in function 'castopt'
	./dataloader.lua:84: in function <./dataloader.lua:71>
	[C]: in function 'xpcall'
	/home/tc/torch/install/share/lua/5.1/threads/threads.lua:234: in function 'callback'
	/home/tc/torch/install/share/lua/5.1/threads/queue.lua:65: in function </home/tc/torch/install/share/lua/5.1/threads/queue.lua:41>
	[C]: in function 'pcall'
	/home/tc/torch/install/share/lua/5.1/threads/queue.lua:40: in function 'dojob'
	[string "  local Queue = require 'threads.queue'..."]:15: in main chunk
stack traceback:
	[C]: in function 'error'
	/home/tc/torch/install/share/lua/5.1/threads/threads.lua:183: in function 'dojob'
	./dataloader.lua:107: in function '(for generator)'
	./train.lua:25: in function 'train'
	main.lua:201: in main chunk
	[C]: in function 'dofile'
	...e/tc/torch/install/lib/luarocks/rocks/trepl/scm-1/bin/th:145: in main chunk
	[C]: at 0x00406670
THCudaCheck FAIL file=/home/tc/torch/extra/cutorch/lib/THC/generic/THCStorage.cu line=41 error=2 : out of memory
/home/tc/torch/install/bin/luajit: /home/tc/torch/install/share/lua/5.1/nn/Container.lua:67: 
In 2 module of nn.Sequential:
In 5 module of nn.Sequential:
...tc/torch/install/share/lua/5.1/nn/BatchNormalization.lua:137: cuda runtime error (2) : out of memory at /home/tc/torch/extra/cutorch/lib/THC/generic/THCStorage.cu:41
stack traceback:
	[C]: in function 'resizeAs'
	...tc/torch/install/share/lua/5.1/nn/BatchNormalization.lua:137: in function <...tc/torch/install/share/lua/5.1/nn/BatchNormalization.lua:128>
	[C]: in function 'xpcall'
	/home/tc/torch/install/share/lua/5.1/nn/Container.lua:63: in function 'rethrowErrors'
	/home/tc/torch/install/share/lua/5.1/nn/Sequential.lua:84: in function </home/tc/torch/install/share/lua/5.1/nn/Sequential.lua:78>
	[C]: in function 'xpcall'
	/home/tc/torch/install/share/lua/5.1/nn/Container.lua:63: in function 'rethrowErrors'
	/home/tc/torch/install/share/lua/5.1/nn/Sequential.lua:84: in function 'backward'
	./train.lua:50: in function 'opfunc'
	/home/tc/torch/install/share/lua/5.1/optim/adam.lua:33: in function 'adam'
	./train.lua:90: in function 'train'
	main.lua:201: in main chunk
	[C]: in function 'dofile'
	...e/tc/torch/install/lib/luarocks/rocks/trepl/scm-1/bin/th:145: in main chunk
	[C]: at 0x00406670

WARNING: If you see a stack trace below, it doesn't point to the place where this error occured. Please use only the one above.
stack traceback:
	[C]: in function 'error'
	/home/tc/torch/install/share/lua/5.1/nn/Container.lua:67: in function 'rethrowErrors'
	/home/tc/torch/install/share/lua/5.1/nn/Sequential.lua:84: in function 'backward'
	./train.lua:50: in function 'opfunc'
	/home/tc/torch/install/share/lua/5.1/optim/adam.lua:33: in function 'adam'
	./train.lua:90: in function 'train'
	main.lua:201: in main chunk
	[C]: in function 'dofile'
	...e/tc/torch/install/lib/luarocks/rocks/trepl/scm-1/bin/th:145: in main chunk
	[C]: at 0x00406670
THCudaCheck FAIL file=/home/tc/torch/extra/cutorch/lib/THC/generic/THCStorage.cu line=41 error=2 : out of memory
/home/tc/torch/install/bin/luajit: /home/tc/torch/install/share/lua/5.1/threads/threads.lua:183: [thread 1 callback] /home/tc/torch/install/share/lua/5.1/cutorch/Tensor.lua:14: cuda runtime error (2) : out of memory at /home/tc/torch/extra/cutorch/lib/THC/generic/THCStorage.cu:41
stack traceback:
	[C]: in function 'resize'
	/home/tc/torch/install/share/lua/5.1/cutorch/Tensor.lua:14: in function 'castopt'
	./dataloader.lua:84: in function <./dataloader.lua:71>
	[C]: in function 'xpcall'
	/home/tc/torch/install/share/lua/5.1/threads/threads.lua:234: in function 'callback'
	/home/tc/torch/install/share/lua/5.1/threads/queue.lua:65: in function </home/tc/torch/install/share/lua/5.1/threads/queue.lua:41>
	[C]: in function 'pcall'
	/home/tc/torch/install/share/lua/5.1/threads/queue.lua:40: in function 'dojob'
	[string "  local Queue = require 'threads.queue'..."]:15: in main chunk
stack traceback:
	[C]: in function 'error'
	/home/tc/torch/install/share/lua/5.1/threads/threads.lua:183: in function 'dojob'
	./dataloader.lua:107: in function '(for generator)'
	./train.lua:25: in function 'train'
	main.lua:201: in main chunk
	[C]: in function 'dofile'
	...e/tc/torch/install/lib/luarocks/rocks/trepl/scm-1/bin/th:145: in main chunk
	[C]: at 0x00406670
THCudaCheck FAIL file=/home/tc/torch/extra/cutorch/lib/THC/generic/THCStorage.cu line=41 error=2 : out of memory
/home/tc/torch/install/bin/luajit: /home/tc/torch/install/share/lua/5.1/nn/Container.lua:67: 
In 2 module of nn.Sequential:
In 26 module of nn.Sequential:
/home/tc/torch/install/share/lua/5.1/nn/Linear.lua:79: cuda runtime error (2) : out of memory at /home/tc/torch/extra/cutorch/lib/THC/generic/THCStorage.cu:41
stack traceback:
	[C]: in function 'resizeAs'
	/home/tc/torch/install/share/lua/5.1/nn/Linear.lua:79: in function 'updateGradInput'
	/home/tc/torch/install/share/lua/5.1/nn/Module.lua:31: in function </home/tc/torch/install/share/lua/5.1/nn/Module.lua:29>
	[C]: in function 'xpcall'
	/home/tc/torch/install/share/lua/5.1/nn/Container.lua:63: in function 'rethrowErrors'
	/home/tc/torch/install/share/lua/5.1/nn/Sequential.lua:84: in function </home/tc/torch/install/share/lua/5.1/nn/Sequential.lua:78>
	[C]: in function 'xpcall'
	/home/tc/torch/install/share/lua/5.1/nn/Container.lua:63: in function 'rethrowErrors'
	/home/tc/torch/install/share/lua/5.1/nn/Sequential.lua:84: in function 'backward'
	./train.lua:50: in function 'opfunc'
	/home/tc/torch/install/share/lua/5.1/optim/adam.lua:33: in function 'adam'
	./train.lua:90: in function 'train'
	main.lua:201: in main chunk
	[C]: in function 'dofile'
	...e/tc/torch/install/lib/luarocks/rocks/trepl/scm-1/bin/th:145: in main chunk
	[C]: at 0x00406670

WARNING: If you see a stack trace below, it doesn't point to the place where this error occured. Please use only the one above.
stack traceback:
	[C]: in function 'error'
	/home/tc/torch/install/share/lua/5.1/nn/Container.lua:67: in function 'rethrowErrors'
	/home/tc/torch/install/share/lua/5.1/nn/Sequential.lua:84: in function 'backward'
	./train.lua:50: in function 'opfunc'
	/home/tc/torch/install/share/lua/5.1/optim/adam.lua:33: in function 'adam'
	./train.lua:90: in function 'train'
	main.lua:201: in main chunk
	[C]: in function 'dofile'
	...e/tc/torch/install/lib/luarocks/rocks/trepl/scm-1/bin/th:145: in main chunk
	[C]: at 0x00406670
th: unrecognized parameter: dt_strech_y

	--model 				(default linear_logsoftmax) 	model name
	-b,--batchSize 			(default 32) 			batch size
 	-r,--learningRate 		(default 1) 		learning rate
 	--learningRateDecay 	(default 1e-7) 		learning rate decay
	--lr_schedule			(default 100)		learning rate reduction schedule, how many epochs between LR decreases
	--lr_factor				(default 0.5)		learning rate reduction factor
	
	-s,--save 	(default "logs") 		subdirectory to save logs
	-S,--submission						generate(overwrites) submission.csv file

	-f,--n_folds	(default 3)				number of folds to use
	-g,--gen_data 				 			whether to generate data file 
	-d,--datafile 	(default p.t7) 			file name of the data provider
	-h,--height	(default 48)				height of the input images
	-w,--width	(default 64)				width of the resized images
	--L2		(default 0)					L2 norm
	--L1		(default 0)					L1 norm
	--num_train		(default -1)				Artificially reduces training set (DEBUG)

	-t,--trainAlgo	(default sgd)			training algorithm: sgd, adam
	--weightDecay 	(default 0.0005) 		weightDecay (use in SGD instead of L2)
	-m,--momentum 	(default 0.9) 			momentum
	--max_epoch 	(default 300) 			maximum number of iterations
	
	--nThreads		(default 2)				number of loader threads
	--distort								use distortions
	--dt_angle		(default 10)			distortion: angle of rotation in degrees
	--dt_scale		(default 1.1)			distortion: max scale factor (zoom in/out)
	--dt_stretch_x	(default 1.2)			distortion: max X stretch (ratio)
	--dt_stretch_y	(default 1.2)			distortion: max Y stretch (ratio)
	--dt_trans_x	(default 4)				distortion: max X translation (pixels)	
	--dt_trans_y	(default 4)				distortion:	max Y translation (pixels)

	--batchStats 							Stats after each batch	

 	--backend (default cudnn) 			backend to be used nn/cudnn
 	--type (default cuda) 				cuda/float/cl
	
	-v,--validation (default 6) 			number of drivers to use in validation set
experiments/exp17.sh: 8: experiments/exp17.sh: cannot open F12: No such file
th: unrecognized parameter: dt_strech_y

	--model 				(default linear_logsoftmax) 	model name
	-b,--batchSize 			(default 32) 			batch size
 	-r,--learningRate 		(default 1) 		learning rate
 	--learningRateDecay 	(default 1e-7) 		learning rate decay
	--lr_schedule			(default 100)		learning rate reduction schedule, how many epochs between LR decreases
	--lr_factor				(default 0.5)		learning rate reduction factor
	
	-s,--save 	(default "logs") 		subdirectory to save logs
	-S,--submission						generate(overwrites) submission.csv file

	-f,--n_folds	(default 3)				number of folds to use
	-g,--gen_data 				 			whether to generate data file 
	-d,--datafile 	(default p.t7) 			file name of the data provider
	-h,--height	(default 48)				height of the input images
	-w,--width	(default 64)				width of the resized images
	--L2		(default 0)					L2 norm
	--L1		(default 0)					L1 norm
	--num_train		(default -1)				Artificially reduces training set (DEBUG)

	-t,--trainAlgo	(default sgd)			training algorithm: sgd, adam
	--weightDecay 	(default 0.0005) 		weightDecay (use in SGD instead of L2)
	-m,--momentum 	(default 0.9) 			momentum
	--max_epoch 	(default 300) 			maximum number of iterations
	
	--nThreads		(default 2)				number of loader threads
	--distort								use distortions
	--dt_angle		(default 10)			distortion: angle of rotation in degrees
	--dt_scale		(default 1.1)			distortion: max scale factor (zoom in/out)
	--dt_stretch_x	(default 1.2)			distortion: max X stretch (ratio)
	--dt_stretch_y	(default 1.2)			distortion: max Y stretch (ratio)
	--dt_trans_x	(default 4)				distortion: max X translation (pixels)	
	--dt_trans_y	(default 4)				distortion:	max Y translation (pixels)

	--batchStats 							Stats after each batch	

 	--backend (default cudnn) 			backend to be used nn/cudnn
 	--type (default cuda) 				cuda/float/cl
	
	-v,--validation (default 6) 			number of drivers to use in validation set
th: unrecognized parameter: dt_strech_y

	--model 				(default linear_logsoftmax) 	model name
	-b,--batchSize 			(default 32) 			batch size
 	-r,--learningRate 		(default 1) 		learning rate
 	--learningRateDecay 	(default 1e-7) 		learning rate decay
	--lr_schedule			(default 100)		learning rate reduction schedule, how many epochs between LR decreases
	--lr_factor				(default 0.5)		learning rate reduction factor
	
	-s,--save 	(default "logs") 		subdirectory to save logs
	-S,--submission						generate(overwrites) submission.csv file

	-f,--n_folds	(default 3)				number of folds to use
	-g,--gen_data 				 			whether to generate data file 
	-d,--datafile 	(default p.t7) 			file name of the data provider
	-h,--height	(default 48)				height of the input images
	-w,--width	(default 64)				width of the resized images
	--L2		(default 0)					L2 norm
	--L1		(default 0)					L1 norm
	--num_train		(default -1)				Artificially reduces training set (DEBUG)

	-t,--trainAlgo	(default sgd)			training algorithm: sgd, adam
	--weightDecay 	(default 0.0005) 		weightDecay (use in SGD instead of L2)
	-m,--momentum 	(default 0.9) 			momentum
	--max_epoch 	(default 300) 			maximum number of iterations
	
	--nThreads		(default 2)				number of loader threads
	--distort								use distortions
	--dt_angle		(default 10)			distortion: angle of rotation in degrees
	--dt_scale		(default 1.1)			distortion: max scale factor (zoom in/out)
	--dt_stretch_x	(default 1.2)			distortion: max X stretch (ratio)
	--dt_stretch_y	(default 1.2)			distortion: max Y stretch (ratio)
	--dt_trans_x	(default 4)				distortion: max X translation (pixels)	
	--dt_trans_y	(default 4)				distortion:	max Y translation (pixels)

	--batchStats 							Stats after each batch	

 	--backend (default cudnn) 			backend to be used nn/cudnn
 	--type (default cuda) 				cuda/float/cl
	
	-v,--validation (default 6) 			number of drivers to use in validation set
THCudaCheck FAIL file=/home/tc/torch/extra/cutorch/lib/THC/generic/THCStorage.cu line=41 error=2 : out of memory
/home/tc/torch/install/bin/luajit: /home/tc/torch/install/share/lua/5.1/threads/threads.lua:183: [thread 1 callback] /home/tc/torch/install/share/lua/5.1/cutorch/Tensor.lua:14: cuda runtime error (2) : out of memory at /home/tc/torch/extra/cutorch/lib/THC/generic/THCStorage.cu:41
stack traceback:
	[C]: in function 'resize'
	/home/tc/torch/install/share/lua/5.1/cutorch/Tensor.lua:14: in function 'castopt'
	./dataloader.lua:84: in function <./dataloader.lua:71>
	[C]: in function 'xpcall'
	/home/tc/torch/install/share/lua/5.1/threads/threads.lua:234: in function 'callback'
	/home/tc/torch/install/share/lua/5.1/threads/queue.lua:65: in function </home/tc/torch/install/share/lua/5.1/threads/queue.lua:41>
	[C]: in function 'pcall'
	/home/tc/torch/install/share/lua/5.1/threads/queue.lua:40: in function 'dojob'
	[string "  local Queue = require 'threads.queue'..."]:15: in main chunk
stack traceback:
	[C]: in function 'error'
	/home/tc/torch/install/share/lua/5.1/threads/threads.lua:183: in function 'dojob'
	./dataloader.lua:107: in function '(for generator)'
	./train.lua:25: in function 'train'
	main.lua:201: in main chunk
	[C]: in function 'dofile'
	...e/tc/torch/install/lib/luarocks/rocks/trepl/scm-1/bin/th:145: in main chunk
	[C]: at 0x00406670
THCudaCheck FAIL file=/home/tc/torch/extra/cutorch/lib/THC/generic/THCStorage.cu line=41 error=2 : out of memory
/home/tc/torch/install/bin/luajit: /home/tc/torch/install/share/lua/5.1/threads/threads.lua:183: [thread 1 callback] /home/tc/torch/install/share/lua/5.1/cutorch/Tensor.lua:14: cuda runtime error (2) : out of memory at /home/tc/torch/extra/cutorch/lib/THC/generic/THCStorage.cu:41
stack traceback:
	[C]: in function 'resize'
	/home/tc/torch/install/share/lua/5.1/cutorch/Tensor.lua:14: in function 'castopt'
	./dataloader.lua:84: in function <./dataloader.lua:71>
	[C]: in function 'xpcall'
	/home/tc/torch/install/share/lua/5.1/threads/threads.lua:234: in function 'callback'
	/home/tc/torch/install/share/lua/5.1/threads/queue.lua:65: in function </home/tc/torch/install/share/lua/5.1/threads/queue.lua:41>
	[C]: in function 'pcall'
	/home/tc/torch/install/share/lua/5.1/threads/queue.lua:40: in function 'dojob'
	[string "  local Queue = require 'threads.queue'..."]:15: in main chunk
stack traceback:
	[C]: in function 'error'
	/home/tc/torch/install/share/lua/5.1/threads/threads.lua:183: in function 'dojob'
	./dataloader.lua:107: in function '(for generator)'
	./train.lua:25: in function 'train'
	main.lua:201: in main chunk
	[C]: in function 'dofile'
	...e/tc/torch/install/lib/luarocks/rocks/trepl/scm-1/bin/th:145: in main chunk
	[C]: at 0x00406670
